Build started 4/25/2017 10:14:29 PM.
     1>Project "C:\Users\Lance\documents\cpts122\LightCycles\LightCycles\LightCycles.vcxproj" on node 2 (Build target(s)).
     1>ClCompile:
         C:\Program Files (x86)\Microsoft Visual Studio 14.0\VC\bin\CL.exe /c /I"C:\Users\Lance\Documents\SFML-2.4.2\include" /ZI /nologo /W3 /WX- /Od /Oy- /D WIN32 /D _DEBUG /D _CONSOLE /D _UNICODE /D UNICODE /Gm /EHsc /RTC1 /MDd /GS /fp:precise /Zc:wchar_t /Zc:forScope /Zc:inline /Fo"Debug\\" /Fd"Debug\vc140.pdb" /Gd /TP /analyze- /errorReport:prompt main.cpp
         main.cpp
     1>c:\users\lance\documents\cpts122\lightcycles\lightcycles\mainmenuscreen.h(82): warning C4244: 'argument': conversion from 'unsigned int' to 'float', possible loss of data
     1>c:\users\lance\documents\cpts122\lightcycles\lightcycles\mainmenuscreen.h(87): warning C4244: 'argument': conversion from 'unsigned int' to 'float', possible loss of data
     1>c:\users\lance\documents\cpts122\lightcycles\lightcycles\mainmenuscreen.h(159): warning C4996: 'sf::Text::setColor': was declared deprecated
         c:\users\lance\documents\sfml-2.4.2\include\sfml\graphics\text.hpp(177): note: see declaration of 'sf::Text::setColor'
     1>c:\users\lance\documents\cpts122\lightcycles\lightcycles\mainmenuscreen.h(160): warning C4996: 'sf::Text::setColor': was declared deprecated
         c:\users\lance\documents\sfml-2.4.2\include\sfml\graphics\text.hpp(177): note: see declaration of 'sf::Text::setColor'
     1>c:\users\lance\documents\cpts122\lightcycles\lightcycles\mainmenuscreen.h(161): warning C4996: 'sf::Text::setColor': was declared deprecated
         c:\users\lance\documents\sfml-2.4.2\include\sfml\graphics\text.hpp(177): note: see declaration of 'sf::Text::setColor'
     1>c:\users\lance\documents\cpts122\lightcycles\lightcycles\mainmenuscreen.h(162): warning C4996: 'sf::Text::setColor': was declared deprecated
         c:\users\lance\documents\sfml-2.4.2\include\sfml\graphics\text.hpp(177): note: see declaration of 'sf::Text::setColor'
     1>c:\users\lance\documents\cpts122\lightcycles\lightcycles\mainmenuscreen.h(163): warning C4996: 'sf::Text::setColor': was declared deprecated
         c:\users\lance\documents\sfml-2.4.2\include\sfml\graphics\text.hpp(177): note: see declaration of 'sf::Text::setColor'
     1>c:\users\lance\documents\cpts122\lightcycles\lightcycles\mainmenuscreen.h(166): warning C4996: 'sf::Text::setColor': was declared deprecated
         c:\users\lance\documents\sfml-2.4.2\include\sfml\graphics\text.hpp(177): note: see declaration of 'sf::Text::setColor'
     1>c:\users\lance\documents\cpts122\lightcycles\lightcycles\mainmenuscreen.h(167): warning C4996: 'sf::Text::setColor': was declared deprecated
         c:\users\lance\documents\sfml-2.4.2\include\sfml\graphics\text.hpp(177): note: see declaration of 'sf::Text::setColor'
     1>c:\users\lance\documents\cpts122\lightcycles\lightcycles\mainmenuscreen.h(168): warning C4996: 'sf::Text::setColor': was declared deprecated
         c:\users\lance\documents\sfml-2.4.2\include\sfml\graphics\text.hpp(177): note: see declaration of 'sf::Text::setColor'
     1>c:\users\lance\documents\cpts122\lightcycles\lightcycles\mainmenuscreen.h(169): warning C4996: 'sf::Text::setColor': was declared deprecated
         c:\users\lance\documents\sfml-2.4.2\include\sfml\graphics\text.hpp(177): note: see declaration of 'sf::Text::setColor'
     1>c:\users\lance\documents\cpts122\lightcycles\lightcycles\mainmenuscreen.h(173): warning C4996: 'sf::Text::setColor': was declared deprecated
         c:\users\lance\documents\sfml-2.4.2\include\sfml\graphics\text.hpp(177): note: see declaration of 'sf::Text::setColor'
     1>c:\users\lance\documents\cpts122\lightcycles\lightcycles\mainmenuscreen.h(174): warning C4996: 'sf::Text::setColor': was declared deprecated
         c:\users\lance\documents\sfml-2.4.2\include\sfml\graphics\text.hpp(177): note: see declaration of 'sf::Text::setColor'
     1>c:\users\lance\documents\cpts122\lightcycles\lightcycles\mainmenuscreen.h(175): warning C4996: 'sf::Text::setColor': was declared deprecated
         c:\users\lance\documents\sfml-2.4.2\include\sfml\graphics\text.hpp(177): note: see declaration of 'sf::Text::setColor'
     1>c:\users\lance\documents\cpts122\lightcycles\lightcycles\mainmenuscreen.h(176): warning C4996: 'sf::Text::setColor': was declared deprecated
         c:\users\lance\documents\sfml-2.4.2\include\sfml\graphics\text.hpp(177): note: see declaration of 'sf::Text::setColor'
     1>c:\users\lance\documents\cpts122\lightcycles\lightcycles\mainmenuscreen.h(177): warning C4996: 'sf::Text::setColor': was declared deprecated
         c:\users\lance\documents\sfml-2.4.2\include\sfml\graphics\text.hpp(177): note: see declaration of 'sf::Text::setColor'
     1>c:\users\lance\documents\cpts122\lightcycles\lightcycles\gamescreen.h(70): warning C4244: 'argument': conversion from 'unsigned int' to 'float', possible loss of data
     1>c:\users\lance\documents\cpts122\lightcycles\lightcycles\gamescreen.h(77): warning C4244: 'argument': conversion from 'unsigned int' to 'float', possible loss of data
     1>c:\users\lance\documents\cpts122\lightcycles\lightcycles\gamescreen.h(226): warning C4244: 'argument': conversion from 'unsigned int' to 'float', possible loss of data
     1>c:\users\lance\documents\cpts122\lightcycles\lightcycles\gamescreen.h(227): warning C4244: 'argument': conversion from 'unsigned int' to 'float', possible loss of data
     1>c:\users\lance\documents\cpts122\lightcycles\lightcycles\gamescreen.h(69): warning C4996: 'sf::Text::setColor': was declared deprecated
         c:\users\lance\documents\sfml-2.4.2\include\sfml\graphics\text.hpp(177): note: see declaration of 'sf::Text::setColor'
     1>c:\users\lance\documents\cpts122\lightcycles\lightcycles\gamescreen.h(76): warning C4996: 'sf::Text::setColor': was declared deprecated
         c:\users\lance\documents\sfml-2.4.2\include\sfml\graphics\text.hpp(177): note: see declaration of 'sf::Text::setColor'
     1>c:\users\lance\documents\cpts122\lightcycles\lightcycles\rulesscreen.h(38): warning C4996: 'sf::Text::setColor': was declared deprecated
         c:\users\lance\documents\sfml-2.4.2\include\sfml\graphics\text.hpp(177): note: see declaration of 'sf::Text::setColor'
       Link:
         C:\Program Files (x86)\Microsoft Visual Studio 14.0\VC\bin\link.exe /ERRORREPORT:PROMPT /OUT:"C:\Users\Lance\documents\cpts122\LightCycles\Debug\LightCycles.exe" /INCREMENTAL /NOLOGO /LIBPATH:"C:\Users\Lance\Documents\SFML-2.4.2\lib" "sfml-window-d.lib" "sfml-system-d.lib" "sfml-graphics-d.lib" kernel32.lib user32.lib gdi32.lib winspool.lib comdlg32.lib advapi32.lib shell32.lib ole32.lib oleaut32.lib uuid.lib odbc32.lib odbccp32.lib kernel32.lib user32.lib gdi32.lib winspool.lib comdlg32.lib advapi32.lib shell32.lib ole32.lib oleaut32.lib uuid.lib odbc32.lib odbccp32.lib /MANIFEST /MANIFESTUAC:"level='asInvoker' uiAccess='false'" /manifest:embed /Debug /PDB:"C:\Users\Lance\documents\cpts122\LightCycles\Debug\LightCycles.pdb" /SUBSYSTEM:CONSOLE /TLBID:1 /DYNAMICBASE /NXCOMPAT /IMPLIB:"C:\Users\Lance\documents\cpts122\LightCycles\Debug\LightCycles.lib" /MACHINE:X86 Debug\Bike.obj
         Debug\main.obj
         LightCycles.vcxproj -> C:\Users\Lance\documents\cpts122\LightCycles\Debug\LightCycles.exe
     1>Done Building Project "C:\Users\Lance\documents\cpts122\LightCycles\LightCycles\LightCycles.vcxproj" (Build target(s)).

Build succeeded.

Time Elapsed 00:00:01.02
